<?xml version="1.0" encoding="UTF-8"?>
<!-- Generated by org.testng.reporters.JUnitReportReporter -->
<testsuite hostname="DESKTOP-NM5UU82" failures="0" tests="3" name="testrunner.DemoNG" time="22.702" errors="0" timestamp="2025-03-11T12:07:59 IST" skipped="0">
  <testcase classname="testrunner.DemoNG" name="runScenario" time="9.336"/>
  <testcase classname="testrunner.DemoNG" name="runScenario" time="6.123"/>
  <testcase classname="testrunner.DemoNG" name="runScenario" time="7.243"/>
</testsuite> <!-- testrunner.DemoNG -->
