<?xml version="1.0" encoding="UTF-8"?>
<!-- Generated by org.testng.reporters.JUnitReportReporter -->
<testsuite hostname="DESKTOP-NM5UU82" failures="0" tests="3" name="testrunner.DemoNG" time="22.099" errors="0" timestamp="2025-03-11T17:21:06 IST" skipped="0">
  <testcase classname="testrunner.DemoNG" name="runScenario" time="9.595"/>
  <testcase classname="testrunner.DemoNG" name="runScenario" time="5.138"/>
  <testcase classname="testrunner.DemoNG" name="runScenario" time="7.366"/>
</testsuite> <!-- testrunner.DemoNG -->
